<?xml version="1.0" encoding="UTF-8"?>
<!-- Generated by org.testng.reporters.JUnitReportReporter -->
<testsuite hostname="PAY103134" failures="0" tests="1" name="FlightBooking" time="4.750" errors="0" timestamp="2020-05-21T15:16:22 EDT" skipped="0">
  <testcase classname="FlightBooking" name="Booking" time="4.750"/>
  <system-out/>
</testsuite> <!-- FlightBooking -->
