<?xml version="1.0" encoding="UTF-8"?>
<!-- Generated by org.testng.reporters.JUnitReportReporter -->
<testsuite hostname="Lenovo" failures="0" tests="1" name="NewTest" time="43.314" errors="0" timestamp="2020-05-21T20:49:41 IST" skipped="0">
  <testcase classname="NewTest" name="VerifyLogin" time="43.314"/>
  <system-out/>
</testsuite> <!-- NewTest -->
