<?xml version="1.0" encoding="UTF-8"?>
<!-- Generated by org.testng.reporters.JUnitReportReporter -->
<testsuite hostname="Lenovo" failures="0" tests="1" name="FlightBooking" time="14.710" errors="0" timestamp="2020-05-22T01:13:42 IST" skipped="0">
  <testcase classname="FlightBooking" name="Booking" time="14.710"/>
  <system-out/>
</testsuite> <!-- FlightBooking -->
