<?xml version="1.0" encoding="UTF-8"?>
<!-- Generated by org.testng.reporters.JUnitReportReporter -->
<<<<<<< HEAD
<testsuite hostname="PAY103134" failures="0" tests="3" name="FlightBooking" time="6.324" errors="0" timestamp="2020-05-21T21:53:11 EDT" skipped="0">
  <testcase classname="FlightBooking" name="Booking" time="2.037"/>
  <system-out/>
  <testcase classname="FlightBooking" name="Booking" time="2.850"/>
  <system-out/>
  <testcase classname="FlightBooking" name="Booking" time="1.437"/>
  <system-out/>
</testsuite> <!-- FlightBooking -->
=======
<testsuite hostname="Lenovo" failures="0" tests="1" name="FlightBooking" time="14.710" errors="0" timestamp="2020-05-22T01:13:42 IST" skipped="0">
  <testcase classname="FlightBooking" name="Booking" time="14.710"/>
  <system-out/>
</testsuite> <!-- FlightBooking -->
>>>>>>> branch 'master' of https://github.com/arumugamselvaraj/TestProject.git
