<?xml version="1.0" encoding="UTF-8"?>
<!-- Generated by org.testng.reporters.JUnitReportReporter -->
<testsuite hostname="Lenovo" failures="0" tests="1" name="NewTest" time="2.317" errors="0" timestamp="2020-05-21T23:39:41 IST" skipped="0">
  <testcase classname="NewTest" name="LoginTest" time="2.317"/>
  <system-out/>
</testsuite> <!-- NewTest -->
