<?xml version="1.0" encoding="UTF-8"?>
<!-- Generated by org.testng.reporters.JUnitReportReporter -->
<testsuite hostname="Lenovo" failures="0" tests="1" name="ymail.tests.ymailLogin" time="14.051" errors="0" timestamp="2020-06-03T00:12:24 IST" skipped="0">
  <testcase classname="ymail.tests.ymailLogin" name="YmailLoginVerification" time="14.051"/>
  <system-out/>
</testsuite> <!-- ymail.tests.ymailLogin -->
