<?xml version="1.0" encoding="UTF-8"?>
<!-- Generated by org.testng.reporters.JUnitReportReporter -->
<testsuite hostname="Lenovo" failures="0" tests="1" name="gmail_login.tests.MailLogin" time="19.993" errors="0" timestamp="2020-06-02T17:33:34 IST" skipped="0">
  <testcase classname="gmail_login.tests.MailLogin" name="MailLoginValidation" time="19.993"/>
  <system-out/>
</testsuite> <!-- gmail_login.tests.MailLogin -->
